<?xml version="1.0" encoding="UTF-8"?>
<!-- Generated by org.testng.reporters.JUnitReportReporter -->
<testsuite hostname="DESKTOP-A8HH8SG" failures="0" tests="1" name="org.testcase.LoginTestCase" time="0.010" errors="0" timestamp="2022-06-07T12:16:47 IST" skipped="0">
  <testcase classname="org.testcase.LoginTestCase" name="enterDetails" time="0.010"/>
  <system-out/>
</testsuite> <!-- org.testcase.LoginTestCase -->
