<?xml version="1.0" encoding="UTF-8"?>
<!-- Generated by org.testng.reporters.JUnitReportReporter -->
<testsuite hostname="DESKTOP-A8HH8SG" failures="0" tests="1" name="org.testcase.LoginPageTest1" time="59.449" errors="0" timestamp="2022-06-08T00:18:02 IST" skipped="0">
  <testcase classname="org.testcase.LoginPageTest1" name="enterDetails" time="59.449"/>
  <system-out/>
</testsuite> <!-- org.testcase.LoginPageTest1 -->
